<?xml version="1.0" encoding="UTF-8"?>
<!-- Generated by org.testng.reporters.JUnitXMLReporter -->
<testsuite ignored="2" hostname="DESKTOP-QIUO6FV" failures="0" tests="1" name="Create Portfolio-Create New PortFolio-pos-It.2" time="0.192" errors="0" timestamp="2021-08-19T10:51:37 IST">
  <testcase classname="testcases.rediff.PortfolioManagement" name="createPortfolio" time="0.0">
    <skipped/>
  </testcase> <!-- createPortfolio -->
  <testcase classname="testcases.rediff.PortfolioManagement" name="deletePortfolio" time="0.0">
    <ignored/>
  </testcase> <!-- deletePortfolio -->
  <testcase classname="testcases.rediff.PortfolioManagement" name="selectPortFolio" time="0.0">
    <ignored/>
  </testcase> <!-- selectPortFolio -->
</testsuite> <!-- Create Portfolio-Create New PortFolio-pos-It.2 -->
