<?xml version="1.0" encoding="UTF-8"?>
<!-- Generated by org.testng.reporters.JUnitXMLReporter -->
<testsuite ignored="2" hostname="DESKTOP-QIUO6FV" failures="0" tests="0" name="Create Portfolio Test" time="0.144" errors="0" timestamp="2021-08-17T21:16:14 IST">
  <testcase classname="testcases.rediff.PortfolioManagement" name="deletePortfolio" time="0.0">
    <ignored/>
  </testcase> <!-- deletePortfolio -->
  <testcase classname="testcases.rediff.PortfolioManagement" name="selectPortFolio" time="0.0">
    <ignored/>
  </testcase> <!-- selectPortFolio -->
</testsuite> <!-- Create Portfolio Test -->
